Time resolution is 1 ps
disp = 0000000000000000
R0 = 00000000000010100111101100010100
R1 = 00000000000010101010001010001001
R2 = 00000000000010100101001110011111
R3 = 00000000000011110100001000111111
R4 = 00000000000000000000000000000100
R5 = 00000000000000000000000000000101
R6 = 00000000000000000000000000000110
R7 = 00000000000000000000000000000111
inst: = 0000001000110111, op1 = xxxxxxxxxxxxxxxxxxxxxxxxxxxxxxxx, op2 = xxxxxxxxxxxxxxxxxxxxxxxxxxxxxxxx, Write = xxxxxxxxxxxxxxxxxxxxxxxxxxxxxxxx, Opcode = 0000
temp = xxxxxxxxxxxxxxxx
disp = xxxxxxxxxxxxxxxx
inst: = 0000001000110111, op1 = 00000000000010100101001110011111, op2 = 00000000000011110100001000111111, Write = 00000000000110011001010111011110, Opcode = 0000
temp = 1001010111011110
R7 = 00000000000110011001010111011110
R0 = 00000000000010100111101100010100
R1 = 00000000000010101010001010001001
R2 = 00000000000010100101001110011111
R3 = 00000000000011110100001000111111
R4 = 00000000000000000000000000000100
R5 = 00000000000000000000000000000101
R6 = 00000000000000000000000000000110
disp = 1001010111011110
temp = 0000000000000000
disp = 0000000000000000
temp = 0000000000011001
disp = 0000000000011001
temp = 1001010111011110
disp = 1001010111011110
temp = 0000000000000000
disp = 0000000000000000
temp = 0000000000011001
disp = 0000000000011001
temp = 1001010111011110
disp = 1001010111011110
temp = 0000000000000000
disp = 0000000000000000
temp = 0000000000011001
disp = 0000000000011001
$finish called at time : 105 ns : File "D:/Third Year/COA Lab/COA Final Shit/RISC_Customized_ALU_Submission/RISC_Customized_ALU_Submission/Reg_Bank_and_ALU_Lab_Submission.srcs/sim_1/new/master_tb.v" Line 40
